<?xml version="1.0" encoding="UTF-8"?>
<!-- Generated by org.testng.reporters.JUnitReportReporter -->
<testsuite hostname="DESKTOP-6TQ5PHG" failures="0" tests="3" name="tests.PutPatchDeleteExamples" time="3.069" errors="0" timestamp="2024-06-10T17:59:01 IST" skipped="0">
  <testcase classname="tests.PutPatchDeleteExamples" name="testDelete" time="2.211"/>
  <testcase classname="tests.PutPatchDeleteExamples" name="testPut" time="0.414"/>
  <testcase classname="tests.PutPatchDeleteExamples" name="testPatch" time="0.444"/>
</testsuite> <!-- tests.PutPatchDeleteExamples -->
