<?xml version="1.0" encoding="UTF-8"?>
<!-- Generated by org.testng.reporters.JUnitReportReporter -->
<testsuite hostname="DESKTOP-6TQ5PHG" failures="0" tests="1" name="tests.SoapXmlRequest" time="3.641" errors="0" timestamp="2024-06-11T13:30:10 IST" skipped="0">
  <testcase classname="tests.SoapXmlRequest" name="validateSoapXML" time="3.641"/>
</testsuite> <!-- tests.SoapXmlRequest -->
