<?xml version="1.0" encoding="UTF-8"?>
<!-- Generated by org.testng.reporters.JUnitReportReporter -->
<testsuite hostname="DESKTOP-6TQ5PHG" failures="0" tests="2" name="tests.TestsExamples" time="3.110" errors="0" timestamp="2024-06-11T10:27:46 IST" skipped="0">
  <testcase classname="tests.TestsExamples" name="test_2" time="1.108"/>
  <testcase classname="tests.TestsExamples" name="test_1" time="2.002"/>
</testsuite> <!-- tests.TestsExamples -->
