<?xml version="1.0" encoding="UTF-8"?>
<!-- Generated by org.testng.reporters.JUnitReportReporter -->
<testsuite hostname="DESKTOP-6TQ5PHG" failures="0" tests="1" name="tests.TestOnLocalAPI" time="1.413" errors="0" timestamp="2024-06-10T18:13:47 IST" skipped="0">
  <testcase classname="tests.TestOnLocalAPI" name="put" time="1.413"/>
</testsuite> <!-- tests.TestOnLocalAPI -->
