<?xml version="1.0" encoding="UTF-8"?>
<!-- Generated by org.testng.reporters.JUnitReportReporter -->
<testsuite hostname="DESKTOP-6TQ5PHG" failures="0" tests="1" name="tests.GetAndPostExamples" time="3.337" errors="0" timestamp="2024-06-11T11:06:27 IST" skipped="0">
  <testcase classname="tests.GetAndPostExamples" name="testPost" time="3.337"/>
</testsuite> <!-- tests.GetAndPostExamples -->
